19:56:55 **** Incremental Build of configuration Debug for project Wi-Fi_MQTT_Client ****
"C:\\Users\\JoaPC\\ModusToolbox\\tools_3.1\\modus-shell\\bin\\make" CY_MAKE_IDE=eclipse CY_IDE_TOOLS_DIR=C:/Users/JoaPC/ModusToolbox/tools_3.1 CY_IDE_BT_TOOLS_DIR= --output-sync -j16 all 
Tools Directory: C:/Users/JoaPC/ModusToolbox/tools_3.1
Removing .mtbqueryapi file...
Searching installed tools in progress...
Searching installed tools complete


Initializing build: mtb-example-wifi-mqtt-client Debug APP_CY8CPROTO-062-4343W GCC_ARM

Prebuild operations complete

Auto-discovery in progress...
Auto-discovery complete
Commencing build operations...

Tools Directory: C:/Users/JoaPC/ModusToolbox/tools_3.1

Constructing build rules...
Build rules construction complete

==============================================================================
= Building application =
==============================================================================
Generating compilation database file...
-> ./build/compile_commands.json
Compilation database file generation complete
Building 509 file(s)
==============================================================================
= Build complete =
==============================================================================

Calculating memory consumption: CY8C624ABZI-S2D44 GCC_ARM

   ---------------------------------------------------- 
  | Section Name         |  Address      |  Size       | 
   ---------------------------------------------------- 
  | .cy_m0p_image        |  0x10000000   |  6352       | 
  | .text                |  0x10002000   |  917760     | 
  | .ARM.exidx           |  0x100e2100   |  8          | 
  | .copy.table          |  0x100e2108   |  24         | 
  | .zero.table          |  0x100e2120   |  8          | 
  | .data                |  0x080022e0   |  2168       | 
  | .cy_sharedmem        |  0x08002b58   |  8          | 
  | .noinit              |  0x08002b60   |  228        | 
  | .bss                 |  0x08002c44   |  60904      | 
  | .heap                |  0x08011a30   |  970192     | 
   ---------------------------------------------------- 

  Total Internal Flash (Available)          2097152    
  Total Internal Flash (Utilized)           928176     



19:57:31 Build Finished. 0 errors, 0 warnings. (took 35s.877ms)

