Loading the ModusToolbox Technology Packs and Early Access Packs
Finished loading the ModusToolbox Technology Packs and Early Access Packs (1 ms)
Loading the tools information
Finished loading the tools information (25 ms)
Loading the manifest data
Loading super manfiest files from all sources
Getting manifests from remote and/or local sources
Processing system manifest 'https://modustoolbox.infineon.com/manifests/mtb-super-manifest/v2.X/mtb-super-manifest-fv2.xml'
Downloading super manifest file 'https://modustoolbox.infineon.com/manifests/mtb-super-manifest/v2.X/mtb-super-manifest-fv2.xml'
Finished loading super manifest files from all sources
Finished download of file 'https://modustoolbox.infineon.com/manifests/mtb-super-manifest/v2.X/mtb-super-manifest-fv2.xml'
Starting to parse super manifest with URL 'https://modustoolbox.infineon.com/manifests/mtb-super-manifest/v2.X/mtb-super-manifest-fv2.xml'
Finished parsing super manifest with URL 'https://modustoolbox.infineon.com/manifests/mtb-super-manifest/v2.X/mtb-super-manifest-fv2.xml'
Downloading manifest file 'https://github.com/Infineon/mtb-ce-manifest/raw/v2.X/mtb-ce-manifest.xml'
Downloading manifest file 'https://github.com/Infineon/mtb-ce-manifest/raw/v2.X/mtb-ce-manifest-fv2.xml'
Downloading manifest file 'https://github.com/Infineon/mtb-bt-app-manifest/raw/v2.X/mtb-bt-app-manifest.xml'
Downloading manifest file 'https://github.com/Infineon/mtb-bt-app-manifest/raw/v2.X/mtb-bt-app-manifest-fv2.xml'
Downloading manifest file 'https://github.com/Infineon/cce-app-manifest/raw/v2.X/cce-app-manifest-fv2.xml'
Downloading manifest file 'https://github.com/CyberonEBU/cyberon-mtb-ce-manifest/raw/main/cyberon-mtb-ce-manifest-fv2.xml'
Downloading manifest file 'https://github.com/golioth/mtb-golioth-ce-manifest/raw/main/mtb-golioth-ce-manifest-fv2.xml'
Downloading manifest file 'https://github.com/memfault/mtb-memfault-ce-manifest/raw/main/mtb-memfault-ce-manifest-fv2.xml'
Downloading manifest file 'https://github.com/RutronikSystemSolutions/rutronik-ce-manifest/raw/main/rutronik-ce-manifest-fv2.xml'
Downloading manifest file 'https://github.com/sensiml/sensiml-ce-manifest/raw/main/sensiml-ce-manifest-fv2.xml'
Downloading manifest file 'https://github.com/Infineon/mtb-bsp-manifest/raw/v2.X/mtb-bsp-manifest.xml'
Downloading manifest file 'https://github.com/Infineon/mtb-bsp-manifest/raw/v2.X/mtb-bsp-capabilities-manifest.json'
Downloading manifest file 'https://github.com/Infineon/mtb-bsp-manifest/raw/v2.X/mtb-bsp-manifest-fv2.xml'
Downloading manifest file 'https://github.com/Infineon/mtb-bsp-manifest/raw/v2.X/mtb-bsp-dependencies-manifest.xml'
Downloading manifest file 'https://github.com/Infineon/mtb-bt-bsp-manifest/raw/v2.X/mtb-bt-bsp-manifest.xml'
Downloading manifest file 'https://github.com/Infineon/mtb-bt-bsp-manifest/raw/v2.X/mtb-bt-bsp-manifest-fv2.xml'
Downloading manifest file 'https://github.com/Infineon/mtb-bt-bsp-manifest/raw/v2.X/mtb-bt-bsp-dependencies-manifest.xml'
Downloading manifest file 'https://github.com/RutronikSystemSolutions/rutronik-bsp-manifest/raw/main/rutronik-bsp-manifest-fv2.xml'
Downloading manifest file 'https://github.com/RutronikSystemSolutions/rutronik-bsp-manifest/raw/main/rutronik-bsp-dependencies-manifest.xml'
Downloading manifest file 'https://github.com/Infineon/mtb-mw-manifest/raw/v2.X/mtb-mw-manifest.xml'
Downloading manifest file 'https://github.com/Infineon/mtb-mw-manifest/raw/v2.X/mtb-mw-manifest-fv2.xml'
Downloading manifest file 'https://github.com/Infineon/mtb-mw-manifest/raw/v2.X/mtb-mw-dependencies-manifest.xml'
Downloading manifest file 'https://github.com/Infineon/mtb-bt-mw-manifest/raw/v2.X/mtb-bt-mw-manifest.xml'
Downloading manifest file 'https://github.com/Infineon/mtb-bt-mw-manifest/raw/v2.X/mtb-bt-mw-manifest-fv2.xml'
Downloading manifest file 'https://github.com/Infineon/mtb-bt-mw-manifest/raw/v2.X/mtb-bt-mw-dependencies-manifest.xml'
Downloading manifest file 'https://github.com/Infineon/mtb-wifi-mw-manifest/raw/v2.X/mtb-wifi-mw-manifest.xml'
Downloading manifest file 'https://github.com/Infineon/mtb-wifi-mw-manifest/raw/v2.X/mtb-wifi-mw-manifest-fv2.xml'
Downloading manifest file 'https://github.com/Infineon/mtb-wifi-mw-manifest/raw/v2.X/mtb-wifi-mw-dependencies-manifest.xml'
Downloading manifest file 'https://github.com/CyberonEBU/cyberon-mtb-mw-manifest/raw/main/cyberon-mtb-mw-manifest-fv2.xml'
Downloading manifest file 'https://github.com/golioth/mtb-golioth-mw-manifest/raw/main/mtb-golioth-mw-manifest-fv2.xml'
Downloading manifest file 'https://github.com/memfault/mtb-memfault-mw-manifest/raw/main/mtb-memfault-mw-manifest-fv2.xml'
Downloading manifest file 'https://github.com/sensiml/sensiml-mw-manifest/raw/main/sensiml-mw-manifest-fv2.xml'
Finished download of file 'https://github.com/Infineon/mtb-ce-manifest/raw/v2.X/mtb-ce-manifest.xml'
Finished download of file 'https://github.com/Infineon/mtb-ce-manifest/raw/v2.X/mtb-ce-manifest-fv2.xml'
Finished download of file 'https://github.com/Infineon/mtb-bt-app-manifest/raw/v2.X/mtb-bt-app-manifest.xml'
Finished download of file 'https://github.com/Infineon/mtb-bt-app-manifest/raw/v2.X/mtb-bt-app-manifest-fv2.xml'
Finished download of file 'https://github.com/Infineon/cce-app-manifest/raw/v2.X/cce-app-manifest-fv2.xml'
Finished download of file 'https://github.com/CyberonEBU/cyberon-mtb-ce-manifest/raw/main/cyberon-mtb-ce-manifest-fv2.xml'
Finished download of file 'https://github.com/golioth/mtb-golioth-ce-manifest/raw/main/mtb-golioth-ce-manifest-fv2.xml'
Finished download of file 'https://github.com/memfault/mtb-memfault-ce-manifest/raw/main/mtb-memfault-ce-manifest-fv2.xml'
Finished download of file 'https://github.com/RutronikSystemSolutions/rutronik-ce-manifest/raw/main/rutronik-ce-manifest-fv2.xml'
Finished download of file 'https://github.com/sensiml/sensiml-ce-manifest/raw/main/sensiml-ce-manifest-fv2.xml'
Finished download of file 'https://github.com/Infineon/mtb-bsp-manifest/raw/v2.X/mtb-bsp-manifest.xml'
Finished download of file 'https://github.com/Infineon/mtb-bsp-manifest/raw/v2.X/mtb-bsp-capabilities-manifest.json'
Finished download of file 'https://github.com/Infineon/mtb-bsp-manifest/raw/v2.X/mtb-bsp-manifest-fv2.xml'
Finished download of file 'https://github.com/Infineon/mtb-bsp-manifest/raw/v2.X/mtb-bsp-dependencies-manifest.xml'
Finished download of file 'https://github.com/Infineon/mtb-bt-bsp-manifest/raw/v2.X/mtb-bt-bsp-manifest.xml'
Finished download of file 'https://github.com/Infineon/mtb-bt-bsp-manifest/raw/v2.X/mtb-bt-bsp-manifest-fv2.xml'
Finished download of file 'https://github.com/Infineon/mtb-bt-bsp-manifest/raw/v2.X/mtb-bt-bsp-dependencies-manifest.xml'
Finished download of file 'https://github.com/RutronikSystemSolutions/rutronik-bsp-manifest/raw/main/rutronik-bsp-manifest-fv2.xml'
Finished download of file 'https://github.com/RutronikSystemSolutions/rutronik-bsp-manifest/raw/main/rutronik-bsp-dependencies-manifest.xml'
Finished download of file 'https://github.com/Infineon/mtb-mw-manifest/raw/v2.X/mtb-mw-manifest.xml'
Finished download of file 'https://github.com/Infineon/mtb-mw-manifest/raw/v2.X/mtb-mw-manifest-fv2.xml'
Finished download of file 'https://github.com/Infineon/mtb-mw-manifest/raw/v2.X/mtb-mw-dependencies-manifest.xml'
Finished download of file 'https://github.com/Infineon/mtb-bt-mw-manifest/raw/v2.X/mtb-bt-mw-manifest.xml'
Finished download of file 'https://github.com/Infineon/mtb-bt-mw-manifest/raw/v2.X/mtb-bt-mw-manifest-fv2.xml'
Finished download of file 'https://github.com/Infineon/mtb-bt-mw-manifest/raw/v2.X/mtb-bt-mw-dependencies-manifest.xml'
Finished download of file 'https://github.com/Infineon/mtb-wifi-mw-manifest/raw/v2.X/mtb-wifi-mw-manifest.xml'
Finished download of file 'https://github.com/Infineon/mtb-wifi-mw-manifest/raw/v2.X/mtb-wifi-mw-manifest-fv2.xml'
Finished download of file 'https://github.com/Infineon/mtb-wifi-mw-manifest/raw/v2.X/mtb-wifi-mw-dependencies-manifest.xml'
Finished download of file 'https://github.com/CyberonEBU/cyberon-mtb-mw-manifest/raw/main/cyberon-mtb-mw-manifest-fv2.xml'
Finished download of file 'https://github.com/golioth/mtb-golioth-mw-manifest/raw/main/mtb-golioth-mw-manifest-fv2.xml'
Finished download of file 'https://github.com/memfault/mtb-memfault-mw-manifest/raw/main/mtb-memfault-mw-manifest-fv2.xml'
Finished download of file 'https://github.com/sensiml/sensiml-mw-manifest/raw/main/sensiml-mw-manifest-fv2.xml'
Finished loading the manifest data (2259 ms)
Loading the device db
Finished loading the device db (1238 ms)
0 error(s), 0 warning(s)

Summary: 

BSP: CY8CPROTO-062-4343W
Template Application(s): Wi-Fi MQTT Client
Application(s) Root Path: C:/Users/JoaPC/unief/IoT/mtb/mqtt2

Press "Create" to create the selected application(s).

Collecting application data...

Info: The following entered on the command line will create the exact same project as that created with the GUI tool:
C:/Users/JoaPC/ModusToolbox/tools_3.1/project-creator/project-creator-cli.exe --board-id CY8CPROTO-062-4343W --board-uri https://github.com/cypresssemiconductorco/TARGET_CY8CPROTO-062-4343W --board-commit latest-v4.X --app-id mtb-example-wifi-mqtt-client --app-uri https://github.com/Infineon/mtb-example-wifi-mqtt-client --app-commit latest-v6.X --target-dir C:/Users/JoaPC/unief/IoT/mtb/mqtt2 --user-app-name Wi-Fi_MQTT_Client --use-modus-shell

Starting application creation for 'C:/Users/JoaPC/unief/IoT/mtb/mqtt2/Wi-Fi_MQTT_Client'.
Acquiring the application source 'https://github.com/Infineon/mtb-example-wifi-mqtt-client'.
Acquired application source successfully.
Loading the application.
Loaded the application successfully.
Processing project 'Wi-Fi_MQTT_Client'.
Starting to commit changes to the filesystem and project 'mtb-example-wifi-mqtt-client'.
Writing mtb file for asset 'CY8CPROTO-062-4343W' to the folder 'C:/Users/JoaPC/unief/IoT/mtb/mqtt2/Wi-Fi_MQTT_Client/deps'.
Writing mtb file for asset 'aws-iot-device-sdk-port' to the folder 'C:/Users/JoaPC/unief/IoT/mtb/mqtt2/Wi-Fi_MQTT_Client/libs'.
Writing mtb file for asset 'abstraction-rtos' to the folder 'C:/Users/JoaPC/unief/IoT/mtb/mqtt2/Wi-Fi_MQTT_Client/libs'.
Writing mtb file for asset 'clib-support' to the folder 'C:/Users/JoaPC/unief/IoT/mtb/mqtt2/Wi-Fi_MQTT_Client/libs'.
Writing mtb file for asset 'connectivity-utilities' to the folder 'C:/Users/JoaPC/unief/IoT/mtb/mqtt2/Wi-Fi_MQTT_Client/libs'.
Writing mtb file for asset 'mbedTLS Acceleration' to the folder 'C:/Users/JoaPC/unief/IoT/mtb/mqtt2/Wi-Fi_MQTT_Client/libs'.
Writing mtb file for asset 'freertos' to the folder 'C:/Users/JoaPC/unief/IoT/mtb/mqtt2/Wi-Fi_MQTT_Client/libs'.
Writing mtb file for asset 'lwip-freertos-integration' to the folder 'C:/Users/JoaPC/unief/IoT/mtb/mqtt2/Wi-Fi_MQTT_Client/libs'.
Writing mtb file for asset 'lwip-network-interface-integration' to the folder 'C:/Users/JoaPC/unief/IoT/mtb/mqtt2/Wi-Fi_MQTT_Client/libs'.
Writing mtb file for asset 'lwip' to the folder 'C:/Users/JoaPC/unief/IoT/mtb/mqtt2/Wi-Fi_MQTT_Client/libs'.
Writing mtb file for asset 'mbedtls' to the folder 'C:/Users/JoaPC/unief/IoT/mtb/mqtt2/Wi-Fi_MQTT_Client/libs'.
Writing mtb file for asset 'secure-sockets' to the folder 'C:/Users/JoaPC/unief/IoT/mtb/mqtt2/Wi-Fi_MQTT_Client/libs'.
Writing mtb file for asset 'whd-bsp-integration' to the folder 'C:/Users/JoaPC/unief/IoT/mtb/mqtt2/Wi-Fi_MQTT_Client/libs'.
Writing mtb file for asset 'wifi-connection-manager' to the folder 'C:/Users/JoaPC/unief/IoT/mtb/mqtt2/Wi-Fi_MQTT_Client/libs'.
Writing mtb file for asset 'wifi-host-driver' to the folder 'C:/Users/JoaPC/unief/IoT/mtb/mqtt2/Wi-Fi_MQTT_Client/libs'.
Writing mtb file for asset 'wpa3-external-supplicant' to the folder 'C:/Users/JoaPC/unief/IoT/mtb/mqtt2/Wi-Fi_MQTT_Client/libs'.
Writing mtb file for asset 'cat1cm0p' to the folder 'C:/Users/JoaPC/unief/IoT/mtb/mqtt2/Wi-Fi_MQTT_Client/libs'.
Writing mtb file for asset 'core-lib' to the folder 'C:/Users/JoaPC/unief/IoT/mtb/mqtt2/Wi-Fi_MQTT_Client/libs'.
Writing mtb file for asset 'core-make' to the folder 'C:/Users/JoaPC/unief/IoT/mtb/mqtt2/Wi-Fi_MQTT_Client/libs'.
Writing mtb file for asset 'mtb-hal-cat1' to the folder 'C:/Users/JoaPC/unief/IoT/mtb/mqtt2/Wi-Fi_MQTT_Client/libs'.
Writing mtb file for asset 'mtb-pdl-cat1' to the folder 'C:/Users/JoaPC/unief/IoT/mtb/mqtt2/Wi-Fi_MQTT_Client/libs'.
Writing mtb file for asset 'recipe-make-cat1a' to the folder 'C:/Users/JoaPC/unief/IoT/mtb/mqtt2/Wi-Fi_MQTT_Client/libs'.
Writing mtb file for asset 'aws-iot-device-sdk-embedded-C' to the folder 'C:/Users/JoaPC/unief/IoT/mtb/mqtt2/Wi-Fi_MQTT_Client/libs'.
Writing mtb file for asset 'cmsis' to the folder 'C:/Users/JoaPC/unief/IoT/mtb/mqtt2/Wi-Fi_MQTT_Client/libs'.
Writing mtb file for asset 'mqtt' to the folder 'C:/Users/JoaPC/unief/IoT/mtb/mqtt2/Wi-Fi_MQTT_Client/deps'.
Writing mtb file for asset 'retarget-io' to the folder 'C:/Users/JoaPC/unief/IoT/mtb/mqtt2/Wi-Fi_MQTT_Client/deps'.
Writing mtb file for asset 'serial-flash' to the folder 'C:/Users/JoaPC/unief/IoT/mtb/mqtt2/Wi-Fi_MQTT_Client/deps'.
Writing mtb file for asset 'wifi-core-freertos-lwip-mbedtls' to the folder 'C:/Users/JoaPC/unief/IoT/mtb/mqtt2/Wi-Fi_MQTT_Client/deps'.
Starting: git -C C:/Users/JoaPC/unief/IoT/mtb/mqtt2/Wi-Fi_MQTT_Client/libs clone --origin cypress --no-checkout https://github.com/cypresssemiconductorco/TARGET_CY8CPROTO-062-4343W TARGET_CY8CPROTO-062-4343W
Starting: git -C C:/Users/JoaPC/unief/IoT/mtb/mqtt2/mtb_shared/mqtt/release-v4.3.0 fetch --recurse-submodules=no --tags --force cypress --update-head-ok "refs/heads/*:refs/heads/*" --quiet
Starting: git -C C:/Users/JoaPC/unief/IoT/mtb/mqtt2/mtb_shared/retarget-io/release-v1.5.0 fetch --recurse-submodules=no --tags --force cypress --update-head-ok "refs/heads/*:refs/heads/*" --quiet
Starting: git -C C:/Users/JoaPC/unief/IoT/mtb/mqtt2/mtb_shared/serial-flash/release-v1.4.2 fetch --recurse-submodules=no --tags --force cypress --update-head-ok "refs/heads/*:refs/heads/*" --quiet
Cloning into 'TARGET_CY8CPROTO-062-4343W'...
Success: git -C C:/Users/JoaPC/unief/IoT/mtb/mqtt2/mtb_shared/serial-flash/release-v1.4.2 fetch --recurse-submodules=no --tags --force cypress --update-head-ok "refs/heads/*:refs/heads/*" --quiet
Starting: git -C C:/Users/JoaPC/unief/IoT/mtb/mqtt2/mtb_shared/wifi-core-freertos-lwip-mbedtls/release-v2.0.0 fetch --recurse-submodules=no --tags --force cypress --update-head-ok "refs/heads/*:refs/heads/*" --quiet
Success: git -C C:/Users/JoaPC/unief/IoT/mtb/mqtt2/mtb_shared/mqtt/release-v4.3.0 fetch --recurse-submodules=no --tags --force cypress --update-head-ok "refs/heads/*:refs/heads/*" --quiet
Starting: git -C C:/Users/JoaPC/unief/IoT/mtb/mqtt2/mtb_shared/aws-iot-device-sdk-port/release-v2.4.0 fetch --recurse-submodules=no --tags --force cypress --update-head-ok "refs/heads/*:refs/heads/*" --quiet
Success: git -C C:/Users/JoaPC/unief/IoT/mtb/mqtt2/mtb_shared/retarget-io/release-v1.5.0 fetch --recurse-submodules=no --tags --force cypress --update-head-ok "refs/heads/*:refs/heads/*" --quiet
Starting: git -C C:/Users/JoaPC/unief/IoT/mtb/mqtt2/mtb_shared/abstraction-rtos/release-v1.7.5 fetch --recurse-submodules=no --tags --force cypress --update-head-ok "refs/heads/*:refs/heads/*" --quiet
Success: git -C C:/Users/JoaPC/unief/IoT/mtb/mqtt2/Wi-Fi_MQTT_Client/libs clone --origin cypress --no-checkout https://github.com/cypresssemiconductorco/TARGET_CY8CPROTO-062-4343W TARGET_CY8CPROTO-062-4343W
Starting: git -C C:/Users/JoaPC/unief/IoT/mtb/mqtt2/mtb_shared/clib-support/release-v1.4.2 fetch --recurse-submodules=no --tags --force cypress --update-head-ok "refs/heads/*:refs/heads/*" --quiet
Success: git -C C:/Users/JoaPC/unief/IoT/mtb/mqtt2/mtb_shared/wifi-core-freertos-lwip-mbedtls/release-v2.0.0 fetch --recurse-submodules=no --tags --force cypress --update-head-ok "refs/heads/*:refs/heads/*" --quiet
Starting: git -C C:/Users/JoaPC/unief/IoT/mtb/mqtt2/mtb_shared/connectivity-utilities/release-v4.3.0 fetch --recurse-submodules=no --tags --force cypress --update-head-ok "refs/heads/*:refs/heads/*" --quiet
Success: git -C C:/Users/JoaPC/unief/IoT/mtb/mqtt2/mtb_shared/abstraction-rtos/release-v1.7.5 fetch --recurse-submodules=no --tags --force cypress --update-head-ok "refs/heads/*:refs/heads/*" --quiet
Starting: git -C C:/Users/JoaPC/unief/IoT/mtb/mqtt2/mtb_shared/cy-mbedtls-acceleration/release-v2.2.0 fetch --recurse-submodules=no --tags --force cypress --update-head-ok "refs/heads/*:refs/heads/*" --quiet
Success: git -C C:/Users/JoaPC/unief/IoT/mtb/mqtt2/mtb_shared/aws-iot-device-sdk-port/release-v2.4.0 fetch --recurse-submodules=no --tags --force cypress --update-head-ok "refs/heads/*:refs/heads/*" --quiet
Starting: git -C C:/Users/JoaPC/unief/IoT/mtb/mqtt2/mtb_shared/freertos/release-v10.5.001 fetch --recurse-submodules=no --tags --force cypress --update-head-ok "refs/heads/*:refs/heads/*" --quiet
Success: git -C C:/Users/JoaPC/unief/IoT/mtb/mqtt2/mtb_shared/clib-support/release-v1.4.2 fetch --recurse-submodules=no --tags --force cypress --update-head-ok "refs/heads/*:refs/heads/*" --quiet
Starting: git -C C:/Users/JoaPC/unief/IoT/mtb/mqtt2/mtb_shared/lwip-freertos-integration/release-v1.0.0 fetch --recurse-submodules=no --tags --force cypress --update-head-ok "refs/heads/*:refs/heads/*" --quiet
Success: git -C C:/Users/JoaPC/unief/IoT/mtb/mqtt2/mtb_shared/connectivity-utilities/release-v4.3.0 fetch --recurse-submodules=no --tags --force cypress --update-head-ok "refs/heads/*:refs/heads/*" --quiet
Starting: git -C C:/Users/JoaPC/unief/IoT/mtb/mqtt2/mtb_shared/lwip-network-interface-integration/release-v1.3.0 fetch --recurse-submodules=no --tags --force cypress --update-head-ok "refs/heads/*:refs/heads/*" --quiet
Success: git -C C:/Users/JoaPC/unief/IoT/mtb/mqtt2/mtb_shared/cy-mbedtls-acceleration/release-v2.2.0 fetch --recurse-submodules=no --tags --force cypress --update-head-ok "refs/heads/*:refs/heads/*" --quiet
Starting: git -C C:/Users/JoaPC/unief/IoT/mtb/mqtt2/mtb_shared/lwip/STABLE-2_1_2_RELEASE fetch --recurse-submodules=no --tags --force cypress --update-head-ok "refs/heads/*:refs/heads/*" --quiet
Success: git -C C:/Users/JoaPC/unief/IoT/mtb/mqtt2/mtb_shared/freertos/release-v10.5.001 fetch --recurse-submodules=no --tags --force cypress --update-head-ok "refs/heads/*:refs/heads/*" --quiet
Starting: git -C C:/Users/JoaPC/unief/IoT/mtb/mqtt2/mtb_shared/mbedtls/mbedtls-3.4.0 fetch --recurse-submodules=no --tags --force cypress --update-head-ok "refs/heads/*:refs/heads/*" --quiet
Success: git -C C:/Users/JoaPC/unief/IoT/mtb/mqtt2/mtb_shared/lwip-freertos-integration/release-v1.0.0 fetch --recurse-submodules=no --tags --force cypress --update-head-ok "refs/heads/*:refs/heads/*" --quiet
Starting: git -C C:/Users/JoaPC/unief/IoT/mtb/mqtt2/mtb_shared/secure-sockets/release-v3.4.0 fetch --recurse-submodules=no --tags --force cypress --update-head-ok "refs/heads/*:refs/heads/*" --quiet
Success: git -C C:/Users/JoaPC/unief/IoT/mtb/mqtt2/mtb_shared/lwip-network-interface-integration/release-v1.3.0 fetch --recurse-submodules=no --tags --force cypress --update-head-ok "refs/heads/*:refs/heads/*" --quiet
Starting: git -C C:/Users/JoaPC/unief/IoT/mtb/mqtt2/mtb_shared/whd-bsp-integration/release-v2.2.1 fetch --recurse-submodules=no --tags --force cypress --update-head-ok "refs/heads/*:refs/heads/*" --quiet
Success: git -C C:/Users/JoaPC/unief/IoT/mtb/mqtt2/mtb_shared/lwip/STABLE-2_1_2_RELEASE fetch --recurse-submodules=no --tags --force cypress --update-head-ok "refs/heads/*:refs/heads/*" --quiet
Starting: git -C C:/Users/JoaPC/unief/IoT/mtb/mqtt2/mtb_shared/wifi-connection-manager/release-v3.3.0 fetch --recurse-submodules=no --tags --force cypress --update-head-ok "refs/heads/*:refs/heads/*" --quiet
Success: git -C C:/Users/JoaPC/unief/IoT/mtb/mqtt2/mtb_shared/secure-sockets/release-v3.4.0 fetch --recurse-submodules=no --tags --force cypress --update-head-ok "refs/heads/*:refs/heads/*" --quiet
Starting: git -C C:/Users/JoaPC/unief/IoT/mtb/mqtt2/mtb_shared/wifi-host-driver/release-v3.0.0 fetch --recurse-submodules=no --tags --force cypress --update-head-ok "refs/heads/*:refs/heads/*" --quiet
Success: git -C C:/Users/JoaPC/unief/IoT/mtb/mqtt2/mtb_shared/whd-bsp-integration/release-v2.2.1 fetch --recurse-submodules=no --tags --force cypress --update-head-ok "refs/heads/*:refs/heads/*" --quiet
Starting: git -C C:/Users/JoaPC/unief/IoT/mtb/mqtt2/mtb_shared/wpa3-external-supplicant/release-v1.2.0 fetch --recurse-submodules=no --tags --force cypress --update-head-ok "refs/heads/*:refs/heads/*" --quiet
Success: git -C C:/Users/JoaPC/unief/IoT/mtb/mqtt2/mtb_shared/wifi-connection-manager/release-v3.3.0 fetch --recurse-submodules=no --tags --force cypress --update-head-ok "refs/heads/*:refs/heads/*" --quiet
Starting: git -C C:/Users/JoaPC/unief/IoT/mtb/mqtt2/mtb_shared/cat1cm0p/release-v1.4.0 fetch --recurse-submodules=no --tags --force cypress --update-head-ok "refs/heads/*:refs/heads/*" --quiet
Success: git -C C:/Users/JoaPC/unief/IoT/mtb/mqtt2/mtb_shared/wifi-host-driver/release-v3.0.0 fetch --recurse-submodules=no --tags --force cypress --update-head-ok "refs/heads/*:refs/heads/*" --quiet
Starting: git -C C:/Users/JoaPC/unief/IoT/mtb/mqtt2/mtb_shared/core-lib/release-v1.4.1 fetch --recurse-submodules=no --tags --force cypress --update-head-ok "refs/heads/*:refs/heads/*" --quiet
Success: git -C C:/Users/JoaPC/unief/IoT/mtb/mqtt2/mtb_shared/wpa3-external-supplicant/release-v1.2.0 fetch --recurse-submodules=no --tags --force cypress --update-head-ok "refs/heads/*:refs/heads/*" --quiet
Starting: git -C C:/Users/JoaPC/unief/IoT/mtb/mqtt2/mtb_shared/core-make/release-v3.2.2 fetch --recurse-submodules=no --tags --force cypress --update-head-ok "refs/heads/*:refs/heads/*" --quiet
Success: git -C C:/Users/JoaPC/unief/IoT/mtb/mqtt2/mtb_shared/cat1cm0p/release-v1.4.0 fetch --recurse-submodules=no --tags --force cypress --update-head-ok "refs/heads/*:refs/heads/*" --quiet
Starting: git -C C:/Users/JoaPC/unief/IoT/mtb/mqtt2/mtb_shared/mtb-hal-cat1/release-v2.5.4 fetch --recurse-submodules=no --tags --force cypress --update-head-ok "refs/heads/*:refs/heads/*" --quiet
Success: git -C C:/Users/JoaPC/unief/IoT/mtb/mqtt2/mtb_shared/core-lib/release-v1.4.1 fetch --recurse-submodules=no --tags --force cypress --update-head-ok "refs/heads/*:refs/heads/*" --quiet
Starting: git -C C:/Users/JoaPC/unief/IoT/mtb/mqtt2/mtb_shared/mtb-pdl-cat1/release-v3.9.0 fetch --recurse-submodules=no --tags --force cypress --update-head-ok "refs/heads/*:refs/heads/*" --quiet
Success: git -C C:/Users/JoaPC/unief/IoT/mtb/mqtt2/mtb_shared/mbedtls/mbedtls-3.4.0 fetch --recurse-submodules=no --tags --force cypress --update-head-ok "refs/heads/*:refs/heads/*" --quiet
Starting: git -C C:/Users/JoaPC/unief/IoT/mtb/mqtt2/mtb_shared/recipe-make-cat1a/release-v2.1.2 fetch --recurse-submodules=no --tags --force cypress --update-head-ok "refs/heads/*:refs/heads/*" --quiet
Success: git -C C:/Users/JoaPC/unief/IoT/mtb/mqtt2/mtb_shared/core-make/release-v3.2.2 fetch --recurse-submodules=no --tags --force cypress --update-head-ok "refs/heads/*:refs/heads/*" --quiet
Starting: git -C C:/Users/JoaPC/unief/IoT/mtb/mqtt2/mtb_shared/aws-iot-device-sdk-embedded-C/202103.00 fetch --recurse-submodules=no --tags --force cypress --update-head-ok "refs/heads/*:refs/heads/*" --quiet
Success: git -C C:/Users/JoaPC/unief/IoT/mtb/mqtt2/mtb_shared/mtb-hal-cat1/release-v2.5.4 fetch --recurse-submodules=no --tags --force cypress --update-head-ok "refs/heads/*:refs/heads/*" --quiet
Starting: git -C C:/Users/JoaPC/unief/IoT/mtb/mqtt2/mtb_shared/cmsis/release-v5.8.0 fetch --recurse-submodules=no --tags --force cypress --update-head-ok "refs/heads/*:refs/heads/*" --quiet
Success: git -C C:/Users/JoaPC/unief/IoT/mtb/mqtt2/mtb_shared/mtb-pdl-cat1/release-v3.9.0 fetch --recurse-submodules=no --tags --force cypress --update-head-ok "refs/heads/*:refs/heads/*" --quiet
Starting: git -C C:/Users/JoaPC/unief/IoT/mtb/mqtt2/mtb_shared/serial-flash/release-v1.4.2 -c advice.detachedHead=false checkout release-v1.4.2 --force
HEAD is now at 9830481 Upload serial-flash [1864]
Success: git -C C:/Users/JoaPC/unief/IoT/mtb/mqtt2/mtb_shared/serial-flash/release-v1.4.2 -c advice.detachedHead=false checkout release-v1.4.2 --force
Starting: git -C C:/Users/JoaPC/unief/IoT/mtb/mqtt2/mtb_shared/mqtt/release-v4.3.0 -c advice.detachedHead=false checkout release-v4.3.0 --force
Success: git -C C:/Users/JoaPC/unief/IoT/mtb/mqtt2/mtb_shared/recipe-make-cat1a/release-v2.1.2 fetch --recurse-submodules=no --tags --force cypress --update-head-ok "refs/heads/*:refs/heads/*" --quiet
Starting: git -C C:/Users/JoaPC/unief/IoT/mtb/mqtt2/mtb_shared/retarget-io/release-v1.5.0 -c advice.detachedHead=false checkout release-v1.5.0 --force
Success: git -C C:/Users/JoaPC/unief/IoT/mtb/mqtt2/mtb_shared/aws-iot-device-sdk-embedded-C/202103.00 fetch --recurse-submodules=no --tags --force cypress --update-head-ok "refs/heads/*:refs/heads/*" --quiet
Starting: git -C C:/Users/JoaPC/unief/IoT/mtb/mqtt2/Wi-Fi_MQTT_Client/libs/TARGET_CY8CPROTO-062-4343W -c advice.detachedHead=false checkout release-v4.2.0 --force
HEAD is now at 59096e0 Upload mqtt 4.3.0.1573 [2049]
HEAD is now at db7f962 Upload retarget-io [1515]
Success: git -C C:/Users/JoaPC/unief/IoT/mtb/mqtt2/mtb_shared/mqtt/release-v4.3.0 -c advice.detachedHead=false checkout release-v4.3.0 --force
Starting: git -C C:/Users/JoaPC/unief/IoT/mtb/mqtt2/mtb_shared/wifi-core-freertos-lwip-mbedtls/release-v2.0.0 -c advice.detachedHead=false checkout release-v2.0.0 --force
Success: git -C C:/Users/JoaPC/unief/IoT/mtb/mqtt2/mtb_shared/retarget-io/release-v1.5.0 -c advice.detachedHead=false checkout release-v1.5.0 --force
Starting: git -C C:/Users/JoaPC/unief/IoT/mtb/mqtt2/mtb_shared/abstraction-rtos/release-v1.7.5 -c advice.detachedHead=false checkout release-v1.7.5 --force
Success: git -C C:/Users/JoaPC/unief/IoT/mtb/mqtt2/mtb_shared/cmsis/release-v5.8.0 fetch --recurse-submodules=no --tags --force cypress --update-head-ok "refs/heads/*:refs/heads/*" --quiet
Starting: git -C C:/Users/JoaPC/unief/IoT/mtb/mqtt2/mtb_shared/aws-iot-device-sdk-port/release-v2.4.0 -c advice.detachedHead=false checkout release-v2.4.0 --force
HEAD is now at b2225bc Upload wifi-core-freertos-lwip-mbedtls 2.0.0.118 [2049]
Success: git -C C:/Users/JoaPC/unief/IoT/mtb/mqtt2/mtb_shared/wifi-core-freertos-lwip-mbedtls/release-v2.0.0 -c advice.detachedHead=false checkout release-v2.0.0 --force
Starting: git -C C:/Users/JoaPC/unief/IoT/mtb/mqtt2/mtb_shared/clib-support/release-v1.4.2 -c advice.detachedHead=false checkout release-v1.4.2 --force
HEAD is now at b679710 Upload abstraction-rtos [2106]
Success: git -C C:/Users/JoaPC/unief/IoT/mtb/mqtt2/mtb_shared/abstraction-rtos/release-v1.7.5 -c advice.detachedHead=false checkout release-v1.7.5 --force
Starting: git -C C:/Users/JoaPC/unief/IoT/mtb/mqtt2/mtb_shared/connectivity-utilities/release-v4.3.0 -c advice.detachedHead=false checkout release-v4.3.0 --force
HEAD is now at 97cf620 Upload clib-support [1864]
Success: git -C C:/Users/JoaPC/unief/IoT/mtb/mqtt2/mtb_shared/clib-support/release-v1.4.2 -c advice.detachedHead=false checkout release-v1.4.2 --force
Starting: git -C C:/Users/JoaPC/unief/IoT/mtb/mqtt2/mtb_shared/cy-mbedtls-acceleration/release-v2.2.0 -c advice.detachedHead=false checkout release-v2.2.0 --force
HEAD is now at 9e2de93 Upload aws-iot-device-sdk-port 2.4.0.438 [2049]
Success: git -C C:/Users/JoaPC/unief/IoT/mtb/mqtt2/mtb_shared/aws-iot-device-sdk-port/release-v2.4.0 -c advice.detachedHead=false checkout release-v2.4.0 --force
Starting: git -C C:/Users/JoaPC/unief/IoT/mtb/mqtt2/mtb_shared/freertos/release-v10.5.001 -c advice.detachedHead=false checkout release-v10.5.001 --force
HEAD is now at e24e834 Upload cy-mbedtls-acceleration 2.2.0.1168 [2049]
Success: git -C C:/Users/JoaPC/unief/IoT/mtb/mqtt2/mtb_shared/cy-mbedtls-acceleration/release-v2.2.0 -c advice.detachedHead=false checkout release-v2.2.0 --force
Starting: git -C C:/Users/JoaPC/unief/IoT/mtb/mqtt2/mtb_shared/lwip-freertos-integration/release-v1.0.0 -c advice.detachedHead=false checkout release-v1.0.0 --force
HEAD is now at 3f6ae38 Upload connectivity-utilities 4.3.0.1386 [2049]
Success: git -C C:/Users/JoaPC/unief/IoT/mtb/mqtt2/mtb_shared/connectivity-utilities/release-v4.3.0 -c advice.detachedHead=false checkout release-v4.3.0 --force
Starting: git -C C:/Users/JoaPC/unief/IoT/mtb/mqtt2/mtb_shared/lwip-network-interface-integration/release-v1.3.0 -c advice.detachedHead=false checkout release-v1.3.0 --force
HEAD is now at c2c8a9b Upload freertos 10.5.001.632 [2049]
Success: git -C C:/Users/JoaPC/unief/IoT/mtb/mqtt2/mtb_shared/freertos/release-v10.5.001 -c advice.detachedHead=false checkout release-v10.5.001 --force
Starting: git -C C:/Users/JoaPC/unief/IoT/mtb/mqtt2/mtb_shared/lwip/STABLE-2_1_2_RELEASE -c advice.detachedHead=false checkout STABLE-2_1_2_RELEASE --force
HEAD is now at f4797e9 Upload lwip-freertos-integration 1.0.0.19
Success: git -C C:/Users/JoaPC/unief/IoT/mtb/mqtt2/mtb_shared/lwip-freertos-integration/release-v1.0.0 -c advice.detachedHead=false checkout release-v1.0.0 --force
Starting: git -C C:/Users/JoaPC/unief/IoT/mtb/mqtt2/mtb_shared/secure-sockets/release-v3.4.0 -c advice.detachedHead=false checkout release-v3.4.0 --force
HEAD is now at 683110f Upload lwip-network-interface-integration 1.3.0.311 [2049]
Success: git -C C:/Users/JoaPC/unief/IoT/mtb/mqtt2/mtb_shared/lwip-network-interface-integration/release-v1.3.0 -c advice.detachedHead=false checkout release-v1.3.0 --force
Starting: git -C C:/Users/JoaPC/unief/IoT/mtb/mqtt2/mtb_shared/whd-bsp-integration/release-v2.2.1 -c advice.detachedHead=false checkout release-v2.2.1 --force
HEAD is now at 3627168 Upload secure-sockets 3.4.0.2554 [2049]
Success: git -C C:/Users/JoaPC/unief/IoT/mtb/mqtt2/mtb_shared/secure-sockets/release-v3.4.0 -c advice.detachedHead=false checkout release-v3.4.0 --force
Starting: git -C C:/Users/JoaPC/unief/IoT/mtb/mqtt2/mtb_shared/wifi-connection-manager/release-v3.3.0 -c advice.detachedHead=false checkout release-v3.3.0 --force
HEAD is now at 159e31b6 Prepare 2.1.2 release
Success: git -C C:/Users/JoaPC/unief/IoT/mtb/mqtt2/mtb_shared/lwip/STABLE-2_1_2_RELEASE -c advice.detachedHead=false checkout STABLE-2_1_2_RELEASE --force
Starting: git -C C:/Users/JoaPC/unief/IoT/mtb/mqtt2/mtb_shared/wifi-host-driver/release-v3.0.0 -c advice.detachedHead=false checkout release-v3.0.0 --force
HEAD is now at 0bdf13b Upload whd-bsp-integration [1864]
Success: git -C C:/Users/JoaPC/unief/IoT/mtb/mqtt2/mtb_shared/whd-bsp-integration/release-v2.2.1 -c advice.detachedHead=false checkout release-v2.2.1 --force
Starting: git -C C:/Users/JoaPC/unief/IoT/mtb/mqtt2/mtb_shared/wpa3-external-supplicant/release-v1.2.0 -c advice.detachedHead=false checkout release-v1.2.0 --force
HEAD is now at 8602aab Upload wifi-connection-manager 3.3.0.2136 [2049]
Success: git -C C:/Users/JoaPC/unief/IoT/mtb/mqtt2/mtb_shared/wifi-connection-manager/release-v3.3.0 -c advice.detachedHead=false checkout release-v3.3.0 --force
Starting: git -C C:/Users/JoaPC/unief/IoT/mtb/mqtt2/mtb_shared/cat1cm0p/release-v1.4.0 -c advice.detachedHead=false checkout release-v1.4.0 --force
HEAD is now at e8b77f4 Upload wpa3-external-supplicant 1.2.0.122 [2049]
Success: git -C C:/Users/JoaPC/unief/IoT/mtb/mqtt2/mtb_shared/wpa3-external-supplicant/release-v1.2.0 -c advice.detachedHead=false checkout release-v1.2.0 --force
Starting: git -C C:/Users/JoaPC/unief/IoT/mtb/mqtt2/mtb_shared/core-lib/release-v1.4.1 -c advice.detachedHead=false checkout release-v1.4.1 --force
HEAD is now at 04ee318 Upload wifi-host-driver 3.0.0.22316 [2049]
Success: git -C C:/Users/JoaPC/unief/IoT/mtb/mqtt2/mtb_shared/wifi-host-driver/release-v3.0.0 -c advice.detachedHead=false checkout release-v3.0.0 --force
Starting: git -C C:/Users/JoaPC/unief/IoT/mtb/mqtt2/mtb_shared/mbedtls/mbedtls-3.4.0 -c advice.detachedHead=false checkout mbedtls-3.4.0 --force
HEAD is now at a74be8b Upload core-lib [1796]
HEAD is now at ddcdedb Upload cat1cm0p 1.4.0.368 [2049]
Success: git -C C:/Users/JoaPC/unief/IoT/mtb/mqtt2/mtb_shared/cat1cm0p/release-v1.4.0 -c advice.detachedHead=false checkout release-v1.4.0 --force
Starting: git -C C:/Users/JoaPC/unief/IoT/mtb/mqtt2/mtb_shared/core-make/release-v3.2.2 -c advice.detachedHead=false checkout release-v3.2.2 --force
Success: git -C C:/Users/JoaPC/unief/IoT/mtb/mqtt2/mtb_shared/core-lib/release-v1.4.1 -c advice.detachedHead=false checkout release-v1.4.1 --force
Starting: git -C C:/Users/JoaPC/unief/IoT/mtb/mqtt2/mtb_shared/mtb-hal-cat1/release-v2.5.4 -c advice.detachedHead=false checkout release-v2.5.4 --force
HEAD is now at b962a1e Upload core-make 3.2.2.4739 [1647]
Success: git -C C:/Users/JoaPC/unief/IoT/mtb/mqtt2/mtb_shared/core-make/release-v3.2.2 -c advice.detachedHead=false checkout release-v3.2.2 --force
Starting: git -C C:/Users/JoaPC/unief/IoT/mtb/mqtt2/mtb_shared/mtb-pdl-cat1/release-v3.9.0 -c advice.detachedHead=false checkout release-v3.9.0 --force
HEAD is now at 1873d3bfc Merge pull request #1010 from AndrzejKurek/fix-error-translation
Success: git -C C:/Users/JoaPC/unief/IoT/mtb/mqtt2/mtb_shared/mbedtls/mbedtls-3.4.0 -c advice.detachedHead=false checkout mbedtls-3.4.0 --force
Starting: git -C C:/Users/JoaPC/unief/IoT/mtb/mqtt2/mtb_shared/recipe-make-cat1a/release-v2.1.2 -c advice.detachedHead=false checkout release-v2.1.2 --force
HEAD is now at 4090e1a Upload mtb-hal-cat1 [1976]
Success: git -C C:/Users/JoaPC/unief/IoT/mtb/mqtt2/mtb_shared/mtb-hal-cat1/release-v2.5.4 -c advice.detachedHead=false checkout release-v2.5.4 --force
Starting: git -C C:/Users/JoaPC/unief/IoT/mtb/mqtt2/mtb_shared/aws-iot-device-sdk-embedded-C/202103.00 -c advice.detachedHead=false checkout 202103.00 --force
HEAD is now at 0446103 Upload recipe-make-cat1a 2.1.2.4871 [1976]
Success: git -C C:/Users/JoaPC/unief/IoT/mtb/mqtt2/mtb_shared/recipe-make-cat1a/release-v2.1.2 -c advice.detachedHead=false checkout release-v2.1.2 --force
Starting: git -C C:/Users/JoaPC/unief/IoT/mtb/mqtt2/mtb_shared/cmsis/release-v5.8.0 -c advice.detachedHead=false checkout release-v5.8.0 --force
HEAD is now at 96bbf19 Upload mtb-pdl-cat1 3.9.0.29592 [2049]
Success: git -C C:/Users/JoaPC/unief/IoT/mtb/mqtt2/mtb_shared/mtb-pdl-cat1/release-v3.9.0 -c advice.detachedHead=false checkout release-v3.9.0 --force
HEAD is now at ce02f64 Upload cmsis 5.8.0.50
Success: git -C C:/Users/JoaPC/unief/IoT/mtb/mqtt2/mtb_shared/cmsis/release-v5.8.0 -c advice.detachedHead=false checkout release-v5.8.0 --force
HEAD is now at 01150a0b Update release workflows to run on Ubuntu 18.04 runners (#1575)
Success: git -C C:/Users/JoaPC/unief/IoT/mtb/mqtt2/mtb_shared/aws-iot-device-sdk-embedded-C/202103.00 -c advice.detachedHead=false checkout 202103.00 --force
Starting: git -C C:/Users/JoaPC/unief/IoT/mtb/mqtt2/mtb_shared/aws-iot-device-sdk-embedded-C/202103.00 -c protocol.file.allow=always submodule update --init --force
HEAD is now at d51de59 Upload TARGET_CY8CPROTO-062-4343W [1515]
Success: git -C C:/Users/JoaPC/unief/IoT/mtb/mqtt2/Wi-Fi_MQTT_Client/libs/TARGET_CY8CPROTO-062-4343W -c advice.detachedHead=false checkout release-v4.2.0 --force
Submodule path 'demos/jobs/jobs_demo_mosquitto/libmosquitto': checked out '0bdf630c2757047dcbf1fd3ad6b7a245addd87fa'
Submodule path 'libraries/3rdparty/CMock': checked out '150573c742ce15061a0b675aa0f8e29c85008062'
Submodule path 'libraries/aws/device-defender-for-aws-iot-embedded-sdk': checked out '548b4688b26d16d0e6134d7d93dcbae103994e40'
Submodule path 'libraries/aws/device-shadow-for-aws-iot-embedded-sdk': checked out 'ff5a3e174ca8f805051c14d9c15b500196e3f79a'
Submodule path 'libraries/aws/jobs-for-aws-iot-embedded-sdk': checked out '19788445bca7f8f85167c83ac12379d3d1022295'
Submodule path 'libraries/aws/ota-for-aws-iot-embedded-sdk': checked out '666241d0f643b07d5146a3715b649d80f8135e0b'
Submodule path 'libraries/standard/backoffAlgorithm': checked out '741697917a5b9264cd5c11e54e23ce3fe3472636'
Submodule path 'libraries/standard/coreHTTP': checked out '88c836c18f46c5ab862810f56b023ecb2ddf7b7b'
Submodule path 'libraries/standard/coreJSON': checked out '19b48dbf1b1f8753d61d8e2916137904ce12b293'
Submodule path 'libraries/standard/coreMQTT': checked out 'ffb68182abfab5e2b9df6ac24b17e3e0fec7b67f'
Submodule path 'libraries/standard/corePKCS11': checked out 'a739b86f90bde81aeea19dab6315250983730211'
Success: git -C C:/Users/JoaPC/unief/IoT/mtb/mqtt2/mtb_shared/aws-iot-device-sdk-embedded-C/202103.00 -c protocol.file.allow=always submodule update --init --force
Starting: git -C C:/Users/JoaPC/unief/IoT/mtb/mqtt2/mtb_shared/aws-iot-device-sdk-embedded-C/202103.00/libraries/3rdparty/CMock -c protocol.file.allow=always submodule update --init --force
Submodule path 'vendor/c_exception': checked out '71b47be7c950f1bf5f7e5303779fa99a16224bb6'
Submodule path 'vendor/unity': checked out 'cf949f45ca6d172a177b00da21310607b97bc7a7'
Success: git -C C:/Users/JoaPC/unief/IoT/mtb/mqtt2/mtb_shared/aws-iot-device-sdk-embedded-C/202103.00/libraries/3rdparty/CMock -c protocol.file.allow=always submodule update --init --force
Starting: git -C C:/Users/JoaPC/unief/IoT/mtb/mqtt2/mtb_shared/aws-iot-device-sdk-embedded-C/202103.00/libraries/aws/device-defender-for-aws-iot-embedded-sdk -c protocol.file.allow=always submodule update --init --force
Skipping submodule 'test/cbmc/aws-templates-for-cbmc-proofs'
Skipping submodule 'test/cbmc/litani'
Skipping submodule 'test/unit-test/Unity'
Success: git -C C:/Users/JoaPC/unief/IoT/mtb/mqtt2/mtb_shared/aws-iot-device-sdk-embedded-C/202103.00/libraries/aws/device-defender-for-aws-iot-embedded-sdk -c protocol.file.allow=always submodule update --init --force
Starting: git -C C:/Users/JoaPC/unief/IoT/mtb/mqtt2/mtb_shared/aws-iot-device-sdk-embedded-C/202103.00/libraries/aws/device-shadow-for-aws-iot-embedded-sdk -c protocol.file.allow=always submodule update --init --force
Skipping submodule 'test/cbmc/aws-templates-for-cbmc-proofs'
Skipping submodule 'test/cbmc/litani'
Skipping submodule 'test/unit-test/CMock'
Success: git -C C:/Users/JoaPC/unief/IoT/mtb/mqtt2/mtb_shared/aws-iot-device-sdk-embedded-C/202103.00/libraries/aws/device-shadow-for-aws-iot-embedded-sdk -c protocol.file.allow=always submodule update --init --force
Starting: git -C C:/Users/JoaPC/unief/IoT/mtb/mqtt2/mtb_shared/aws-iot-device-sdk-embedded-C/202103.00/libraries/aws/jobs-for-aws-iot-embedded-sdk -c protocol.file.allow=always submodule update --init --force
Skipping submodule 'test/cbmc/aws-templates-for-cbmc-proofs'
Skipping submodule 'test/cbmc/litani'
Skipping submodule 'test/unit-test/Unity'
Success: git -C C:/Users/JoaPC/unief/IoT/mtb/mqtt2/mtb_shared/aws-iot-device-sdk-embedded-C/202103.00/libraries/aws/jobs-for-aws-iot-embedded-sdk -c protocol.file.allow=always submodule update --init --force
Starting: git -C C:/Users/JoaPC/unief/IoT/mtb/mqtt2/mtb_shared/aws-iot-device-sdk-embedded-C/202103.00/libraries/aws/ota-for-aws-iot-embedded-sdk -c protocol.file.allow=always submodule update --init --force
Skipping submodule 'test/unit-test/CMock'
Submodule path 'source/dependency/3rdparty/tinycbor': checked out '9924cfed3b95ad6de299ae675064430fdb886216'
Submodule path 'source/dependency/coreJSON': checked out '97a906a2761b71434ffa9d838cd0500543b7dadc'
Success: git -C C:/Users/JoaPC/unief/IoT/mtb/mqtt2/mtb_shared/aws-iot-device-sdk-embedded-C/202103.00/libraries/aws/ota-for-aws-iot-embedded-sdk -c protocol.file.allow=always submodule update --init --force
Starting: git -C C:/Users/JoaPC/unief/IoT/mtb/mqtt2/mtb_shared/aws-iot-device-sdk-embedded-C/202103.00/libraries/standard/backoffAlgorithm -c protocol.file.allow=always submodule update --init --force
Skipping submodule 'test/unit-test/Unity'
Success: git -C C:/Users/JoaPC/unief/IoT/mtb/mqtt2/mtb_shared/aws-iot-device-sdk-embedded-C/202103.00/libraries/standard/backoffAlgorithm -c protocol.file.allow=always submodule update --init --force
Starting: git -C C:/Users/JoaPC/unief/IoT/mtb/mqtt2/mtb_shared/aws-iot-device-sdk-embedded-C/202103.00/libraries/standard/coreHTTP -c protocol.file.allow=always submodule update --init --force
Skipping submodule 'test/cbmc/aws-templates-for-cbmc-proofs'
Skipping submodule 'test/cbmc/litani'
Skipping submodule 'test/unit-test/CMock'
Submodule path 'source/dependency/3rdparty/http_parser': checked out 'ec8b5ee63f0e51191ea43bb0c6eac7bfbff3141d'
Success: git -C C:/Users/JoaPC/unief/IoT/mtb/mqtt2/mtb_shared/aws-iot-device-sdk-embedded-C/202103.00/libraries/standard/coreHTTP -c protocol.file.allow=always submodule update --init --force
Starting: git -C C:/Users/JoaPC/unief/IoT/mtb/mqtt2/mtb_shared/aws-iot-device-sdk-embedded-C/202103.00/libraries/standard/coreJSON -c protocol.file.allow=always submodule update --init --force
Skipping submodule 'test/cbmc/aws-templates-for-cbmc-proofs'
Skipping submodule 'test/cbmc/litani'
Skipping submodule 'test/unit-test/Unity'
Success: git -C C:/Users/JoaPC/unief/IoT/mtb/mqtt2/mtb_shared/aws-iot-device-sdk-embedded-C/202103.00/libraries/standard/coreJSON -c protocol.file.allow=always submodule update --init --force
Starting: git -C C:/Users/JoaPC/unief/IoT/mtb/mqtt2/mtb_shared/aws-iot-device-sdk-embedded-C/202103.00/libraries/standard/coreMQTT -c protocol.file.allow=always submodule update --init --force
Skipping submodule 'test/cbmc/aws-templates-for-cbmc-proofs'
Skipping submodule 'test/cbmc/litani'
Skipping submodule 'test/unit-test/CMock'
Success: git -C C:/Users/JoaPC/unief/IoT/mtb/mqtt2/mtb_shared/aws-iot-device-sdk-embedded-C/202103.00/libraries/standard/coreMQTT -c protocol.file.allow=always submodule update --init --force
Starting: git -C C:/Users/JoaPC/unief/IoT/mtb/mqtt2/mtb_shared/aws-iot-device-sdk-embedded-C/202103.00/libraries/standard/corePKCS11 -c protocol.file.allow=always submodule update --init --force
Skipping submodule 'source/dependency/3rdparty/mbedtls'
Skipping submodule 'test/cbmc/aws-templates-for-cbmc-proofs'
Skipping submodule 'test/cbmc/litani'
Skipping submodule 'test/unit-test/CMock'
Submodule path 'source/dependency/3rdparty/pkcs11': checked out '9304ef6842d08d881ccd1daa8d3a428f3a9671ee'
Success: git -C C:/Users/JoaPC/unief/IoT/mtb/mqtt2/mtb_shared/aws-iot-device-sdk-embedded-C/202103.00/libraries/standard/corePKCS11 -c protocol.file.allow=always submodule update --init --force
Starting: git -C C:/Users/JoaPC/unief/IoT/mtb/mqtt2/mtb_shared/aws-iot-device-sdk-embedded-C/202103.00/libraries/aws/ota-for-aws-iot-embedded-sdk/source/dependency/coreJSON -c protocol.file.allow=always submodule update --init --force
Skipping submodule 'test/cbmc/aws-templates-for-cbmc-proofs'
Skipping submodule 'test/cbmc/litani'
Skipping submodule 'test/unit-test/Unity'
Success: git -C C:/Users/JoaPC/unief/IoT/mtb/mqtt2/mtb_shared/aws-iot-device-sdk-embedded-C/202103.00/libraries/aws/ota-for-aws-iot-embedded-sdk/source/dependency/coreJSON -c protocol.file.allow=always submodule update --init --force
Copying template files from C:/Users/JoaPC/unief/IoT/mtb/mqtt2/Wi-Fi_MQTT_Client/templates/TARGET_CY8CPROTO-062-4343W to C:/Users/JoaPC/unief/IoT/mtb/mqtt2/Wi-Fi_MQTT_Client/bsps/TARGET_APP_CY8CPROTO-062-4343W
Requested to change the active target to 'APP_CY8CPROTO-062-4343W'.
Removed the file 'C:/Users/JoaPC/unief/IoT/mtb/mqtt2/Wi-Fi_MQTT_Client/deps/TARGET_CY8CPROTO-062-4343W.mtb'.
Writing the file 'C:/Users/JoaPC/unief/IoT/mtb/mqtt2/Wi-Fi_MQTT_Client/libs/app.mk'.
Successfully committed changes to the project 'mtb-example-wifi-mqtt-client'.
Project "Wi-Fi_MQTT_Client" created successfully.
Successfully created "Wi-Fi_MQTT_Client" application.
==============================================================================
= Export "Wi-Fi_MQTT_Client" application to Eclipse IDE for ModusToolbox™ =
==============================================================================
make eclipse CY_IDE_PRJNAME=Wi-Fi_MQTT_Client CY_MAKE_IDE=eclipse CY_MAKE_IDE_VERSION=3.1 CY_TOOLS_PATHS=C:/Users/JoaPC/ModusToolbox/tools_3.1 MTB_MAKE_ECLIPSE_FORCE_REGENERATE_PROJECT=1
Tools Directory: C:/Users/JoaPC/ModusToolbox/tools_3.1
Removing .mtbqueryapi file...
Searching installed tools in progress...
Searching installed tools complete
Initializing build: mtb-example-wifi-mqtt-client Debug APP_CY8CPROTO-062-4343W GCC_ARM
Prebuild operations complete
Auto-discovery in progress...
Auto-discovery complete
Commencing build operations...
Tools Directory: C:/Users/JoaPC/ModusToolbox/tools_3.1
Constructing build rules...
Build rules construction complete
==============================================================================
= Building application =
==============================================================================
Generating compilation database file...
-> ./build/compile_commands.json
Compilation database file generation complete
Generated C:/Users/JoaPC/unief/IoT/mtb/mqtt2/Wi-Fi_MQTT_Client/.cproject
Generated C:/Users/JoaPC/unief/IoT/mtb/mqtt2/Wi-Fi_MQTT_Client/.project
Generated C:/Users/JoaPC/unief/IoT/mtb/mqtt2/Wi-Fi_MQTT_Client/.mtbLaunchConfigs/Wi-Fi_MQTT_Client Attach (KitProg3_MiniProg4).launch
Generated C:/Users/JoaPC/unief/IoT/mtb/mqtt2/Wi-Fi_MQTT_Client/.mtbLaunchConfigs/Wi-Fi_MQTT_Client Debug (KitProg3_MiniProg4).launch
Generated C:/Users/JoaPC/unief/IoT/mtb/mqtt2/Wi-Fi_MQTT_Client/.mtbLaunchConfigs/Wi-Fi_MQTT_Client Erase (KitProg3_MiniProg4).launch
Generated C:/Users/JoaPC/unief/IoT/mtb/mqtt2/Wi-Fi_MQTT_Client/.mtbLaunchConfigs/Wi-Fi_MQTT_Client Program (KitProg3_MiniProg4).launch
Instructions:
1. Open Eclipse IDE for ModusToolbox
2. Select 'Import Existing Application In-Place' from the QuickPanel
3. Browse to the application root directory
The application "Wi-Fi_MQTT_Client" was successfully exported to Eclipse IDE for ModusToolbox™.
0 error(s), 0 warning(s)

Summary:

Successfully created and exported "Wi-Fi_MQTT_Client" application.
